1633251227122:help
1633251229471:b
1633251453671:book
1633251458130:book 1
1633251460961:book 10
1633252004192:help
1633252033246:books
1633252039527:create book
1633252064343:create book "ew book name"
1633252079249:create book "New book name" 1 1 2
1633252161013:create book "New book name" 1 1
1633252166392:books
1633252874161:b
1633252875732:books
1633252897510:create book "ew name of book" 1 1 2 3
1633252913678:help
1633252923422:help create book
1633253291816:create book "New name of book" 1 " 2 3"
1633253340165:create book "new book" 1 "1 2"
1633253349561:books
1633253361865:create book "new book" 1 "1 2 3"
1633253365297:books
1633253473308:create book "ew book" 1 "1 2 3 4"
1633253751382:create book book 11 12
1633253767600:create book book 1 12
1633254048825:books
1633254063581:change book name 1 newname
1633254067427:books
1633254177760:change book author 1 2
1633254180656:books
1633254287286:change book author 1 11
1633254651696:create book newbook 1 1
1633254656432:bookds
1633254660036:books
1633254718266:change book genres 1 " 3"
1633254747326:change book genres 1 2
1633254758154:books
1633254794822:create book newbook 1 "1 2 3"
1633254799555:books
1633254821475:change book genres 3 "2 1"
1633254825308:books
1633255802664:change book name 11 newname
1633255838394:delete book 1
1633255840953:books
1633255844342:delete book 2
1633255847606:delete book 1
1633255963427:genres
1633255972440:authors
1633258270409:books
1633258562438:genres
