1632244168223:vxc
1632319167135:help
1632319176352:login
1632319191349:login Ualesh Orazbay
1632324149234:help
1632324161312:a
1632324168193:a fdsf
1632324367572:h
1632324370323:help
1632324373773:a
1632324375938:a fdf
1632324766538:a
1632324769824:a fd
1632324840023:a
1632324842042:a fds
1632327339620:a
1632327341225:a fdf
1632328227911:a
1632328231060:a fd
1632328415315:a
1632328417472:a fd
1632328609234:wwew
1632328612834:a fd
1632328651836:new
1632328653619:a
1632328660615:a fds
1632328825217:s
1632328951450:help
1632328986980:s
1632333101897:a
1632333195558:l
1632333244587:a
1632333247788:l
1632333252509:l ualesh
1632333260854:l ualesh orazbay
1632333266292:q
1632333270108:s
1632333273403:q
1632333279036:a
1632333286272:a tokio
1632333289197:q
1632333296321:fsd
1632333299204:a afd
1632333302704:q
1632333304459:a
1632333309014:a москва
1632333321024:r
1632333326654:a fd
1632333330431:a fdfd
1632333338623:r
1632333539285:s
1632333551284:l
1632333565281:l ualesh orazbay
1632333580319:s
1632333583995:q
1632333589078:a
1632333597650:a london
1632333599980:a tokio
1632333604409:a nursultan
1632333619046:q
1632333623392:a tokio
1632333626347:q
1632333630639:a paris
1632333632929:r
1632334550366:s
1632334561015:l
1632334566285:l ualesh orazbay
1632334570845:q
1632334577275:s
1632334584147:help
1632334605880:q
1632334615305:a london
1632334616827:q
1632334625321:a nursultan
1632334626978:q
1632334631662:a moscow
1632334637691:q
1632334640651:tokio
1632334644946:a tokio
1632334647183:q
1632334649285:a paris
1632334654064:q
1632334668667:help
1632334690564:r
1632335171204:help
1632335176057:l
1632335183039:l Ualesh Orazbay
1632335186511:s
1632335189572:q
1632335192736:a london
1632335195570:a fd
1632335199159:r
1632335213834:a fd
1632335215797:a fds
1632335222656:r
1632335233878:q
1632335238085:a
1632335543669:s
1632335548447:l
1632335553515:l ualesh orazbay
1632335557518:q
1632335559628:s
1632335566599:q
1632335568171:fds
1632335569568:a fds
1632335570976:a fdsf
1632335572600:a fsd
1632335574002:r
1632335581522:q fds
1632335584846:a
1632335586268:a fds
1632335590322:r
1632335631178:q
